2018-11-07 18:48:23,228 INFO parser.AudioParserAndDescribe [main] Dublicate file with control sum D:\Папка1\треки\imagine-dragons-yesterday_(pesnimp3.ru) - копия.mp3
2018-11-07 18:48:23,267 INFO parser.AudioParserAndDescribe [main] Dublicate file with control sum D:\Папка1\треки\imagine-dragons-yesterday_(pesnimp3.ru).mp3
2018-11-07 18:48:23,398 INFO parser.AudioParserAndDescribe [main] 

2018-11-07 18:48:23,399 INFO parser.AudioParserAndDescribe [main] Imagine Dragons, Evolve, Yesterday
2018-11-07 18:48:23,399 INFO parser.AudioParserAndDescribe [main] Dublicate file without control sum D:\Папка1\треки\imagine-dragons-yesterday_(pesnimp3.ru) - копия.mp3
2018-11-07 18:48:23,399 INFO parser.AudioParserAndDescribe [main] Dublicate file without control sum D:\Папка1\треки\imagine-dragons-yesterday_(pesnimp3.ru).mp3
2018-11-07 18:48:23,399 INFO parser.AudioParserAndDescribe [main] 

2018-11-07 18:48:23,399 INFO parser.AudioParserAndDescribe [main] __________________________________________________________________________
2018-11-07 18:49:14,060 INFO parser.AudioParserAndDescribe [main] Dublicate file with control sum D:\Папка1\треки\imagine-dragons-yesterday_(pesnimp3.ru) - копия.mp3
2018-11-07 18:49:14,186 INFO parser.AudioParserAndDescribe [main] Dublicate file with control sum D:\Папка1\треки\imagine-dragons-yesterday_(pesnimp3.ru).mp3
2018-11-07 18:49:14,615 INFO parser.AudioParserAndDescribe [main] 

2018-11-07 18:49:14,616 INFO parser.AudioParserAndDescribe [main] Imagine Dragons, Evolve, Yesterday
2018-11-07 18:49:14,616 INFO parser.AudioParserAndDescribe [main] Dublicate file without control sum D:\Папка1\треки\imagine-dragons-yesterday_(pesnimp3.ru) - копия.mp3
2018-11-07 18:49:14,617 INFO parser.AudioParserAndDescribe [main] Dublicate file without control sum D:\Папка1\треки\imagine-dragons-yesterday_(pesnimp3.ru).mp3
2018-11-07 18:49:14,617 INFO parser.AudioParserAndDescribe [main] 

2018-11-07 18:49:14,617 INFO parser.AudioParserAndDescribe [main] __________________________________________________________________________
2018-11-07 18:50:13,029 INFO parser.AudioParserAndDescribe [main] Dublicate file with control sum D:\Папка1\треки\imagine-dragons-yesterday_(pesnimp3.ru) - копия.mp3
2018-11-07 18:50:13,078 INFO parser.AudioParserAndDescribe [main] Dublicate file with control sum D:\Папка1\треки\imagine-dragons-yesterday_(pesnimp3.ru).mp3
2018-11-07 18:50:13,210 INFO parser.AudioParserAndDescribe [main] 

2018-11-07 18:50:13,210 INFO parser.AudioParserAndDescribe [main] Imagine Dragons, Evolve, Yesterday
2018-11-07 18:50:13,210 INFO parser.AudioParserAndDescribe [main] Dublicate file without control sum D:\Папка1\треки\imagine-dragons-yesterday_(pesnimp3.ru) - копия.mp3
2018-11-07 18:50:13,210 INFO parser.AudioParserAndDescribe [main] Dublicate file without control sum D:\Папка1\треки\imagine-dragons-yesterday_(pesnimp3.ru).mp3
2018-11-07 18:50:13,210 INFO parser.AudioParserAndDescribe [main] 

2018-11-07 18:50:13,210 INFO parser.AudioParserAndDescribe [main] __________________________________________________________________________
2018-11-07 18:50:48,294 INFO parser.AudioParserAndDescribe [main] Dublicate file with control sum D:\Папка1\треки\imagine-dragons-yesterday_(pesnimp3.ru) - копия.mp3
2018-11-07 18:50:48,346 INFO parser.AudioParserAndDescribe [main] Dublicate file with control sum D:\Папка1\треки\imagine-dragons-yesterday_(pesnimp3.ru).mp3
2018-11-07 18:50:48,478 INFO parser.AudioParserAndDescribe [main] 

2018-11-07 18:50:48,479 INFO parser.AudioParserAndDescribe [main] Imagine Dragons, Evolve, Yesterday
2018-11-07 18:50:48,479 INFO parser.AudioParserAndDescribe [main] Dublicate file without control sum D:\Папка1\треки\imagine-dragons-yesterday_(pesnimp3.ru) - копия.mp3
2018-11-07 18:50:48,479 INFO parser.AudioParserAndDescribe [main] Dublicate file without control sum D:\Папка1\треки\imagine-dragons-yesterday_(pesnimp3.ru).mp3
2018-11-07 18:50:48,479 INFO parser.AudioParserAndDescribe [main] 

2018-11-07 18:50:48,479 INFO parser.AudioParserAndDescribe [main] __________________________________________________________________________
